This is pdfTeX, Version 3.141592653-2.6-1.40.25 (TeX Live 2023/Debian) (preloaded format=pdflatex 2024.10.22)  26 NOV 2024 15:29
entering extended mode
 restricted \write18 enabled.
 %&-line parsing enabled.
**studenci.tex
(./studenci.tex
LaTeX2e <2023-11-01> patch level 1
L3 programming layer <2024-01-22>
(/usr/share/texlive/texmf-dist/tex/latex/base/article.cls
Document Class: article 2023/05/17 v1.4n Standard LaTeX document class
(/usr/share/texlive/texmf-dist/tex/latex/base/size12.clo
File: size12.clo 2023/05/17 v1.4n Standard LaTeX file (size option)
)
\c@part=\count187
\c@section=\count188
\c@subsection=\count189
\c@subsubsection=\count190
\c@paragraph=\count191
\c@subparagraph=\count192
\c@figure=\count193
\c@table=\count194
\abovecaptionskip=\skip48
\belowcaptionskip=\skip49
\bibindent=\dimen140
)
(/usr/share/texlive/texmf-dist/tex/latex/geometry/geometry.sty
Package: geometry 2020/01/02 v5.9 Page Geometry

(/usr/share/texlive/texmf-dist/tex/latex/graphics/keyval.sty
Package: keyval 2022/05/29 v1.15 key=value parser (DPC)
\KV@toks@=\toks17
)
(/usr/share/texlive/texmf-dist/tex/generic/iftex/ifvtex.sty
Package: ifvtex 2019/10/25 v1.7 ifvtex legacy package. Use iftex instead.

(/usr/share/texlive/texmf-dist/tex/generic/iftex/iftex.sty
Package: iftex 2022/02/03 v1.0f TeX engine tests
))
\Gm@cnth=\count195
\Gm@cntv=\count196
\c@Gm@tempcnt=\count197
\Gm@bindingoffset=\dimen141
\Gm@wd@mp=\dimen142
\Gm@odd@mp=\dimen143
\Gm@even@mp=\dimen144
\Gm@layoutwidth=\dimen145
\Gm@layoutheight=\dimen146
\Gm@layouthoffset=\dimen147
\Gm@layoutvoffset=\dimen148
\Gm@dimlist=\toks18
)
(/usr/share/texlive/texmf-dist/tex/latex/base/inputenc.sty
Package: inputenc 2021/02/14 v1.3d Input encoding file
\inpenc@prehook=\toks19
\inpenc@posthook=\toks20
)
(/usr/share/texlive/texmf-dist/tex/latex/polski/polski.sty
Package: polski 2021/08/25 v1.3.6 Polish language package

   Inputenc package detected. Catcodes not changed.
   Switching to Polish text encoding and Polish maths fonts.
(/usr/share/texlive/texmf-dist/tex/latex/base/ot4enc.def
File: ot4enc.def 2021/04/29 v2.0v Standard LaTeX file
Now handling font encoding OT4 ...
... no UTF-8 mapping file for font encoding OT4
)
LaTeX Font Info:    Trying to load font information for OT4+cmr on input line 3
62.

(/usr/share/texlive/texmf-dist/tex/latex/polski/ot4cmr.fd
File: ot4cmr.fd 2008/02/24 v1.2.1 Font defs for fonts PL (MW)
)
LaTeX Font Info:    Overwriting math alphabet `\mathbf' in version `normal'
(Font)                  OT1/cmr/bx/n --> OT4/cmr/bx/n on input line 362.
LaTeX Font Info:    Overwriting math alphabet `\mathsf' in version `normal'
(Font)                  OT1/cmss/m/n --> OT4/cmss/m/n on input line 362.
LaTeX Font Info:    Overwriting math alphabet `\mathit' in version `normal'
(Font)                  OT1/cmr/m/it --> OT4/cmr/m/it on input line 362.
LaTeX Font Info:    Overwriting math alphabet `\mathtt' in version `normal'
(Font)                  OT1/cmtt/m/n --> OT4/cmtt/m/n on input line 362.
LaTeX Font Info:    Overwriting math alphabet `\mathsf' in version `bold'
(Font)                  OT1/cmss/bx/n --> OT4/cmss/bx/n on input line 362.
LaTeX Font Info:    Overwriting math alphabet `\mathit' in version `bold'
(Font)                  OT1/cmr/bx/it --> OT4/cmr/bx/it on input line 362.
LaTeX Font Info:    Encoding `OT1' has changed to `OT4' for symbol font
(Font)              `operators' in the math version `normal' on input line 362.

LaTeX Font Info:    Overwriting symbol font `operators' in version `normal'
(Font)                  OT1/cmr/m/n --> OT4/cmr/m/n on input line 362.
LaTeX Font Info:    Overwriting symbol font `letters' in version `normal'
(Font)                  OML/cmm/m/it --> OML/plm/m/it on input line 362.
LaTeX Font Info:    Overwriting symbol font `symbols' in version `normal'
(Font)                  OMS/cmsy/m/n --> OMS/plsy/m/n on input line 362.
LaTeX Font Info:    Overwriting symbol font `largesymbols' in version `normal'
(Font)                  OMX/cmex/m/n --> OMX/plex/m/n on input line 362.
LaTeX Font Info:    Encoding `OT1' has changed to `OT4' for symbol font
(Font)              `operators' in the math version `bold' on input line 362.
LaTeX Font Info:    Overwriting symbol font `operators' in version `bold'
(Font)                  OT1/cmr/bx/n --> OT4/cmr/bx/n on input line 362.
LaTeX Font Info:    Overwriting symbol font `letters' in version `bold'
(Font)                  OML/cmm/b/it --> OML/plm/b/it on input line 362.
LaTeX Font Info:    Overwriting symbol font `symbols' in version `bold'
(Font)                  OMS/cmsy/b/n --> OMS/plsy/b/n on input line 362.
)
(/usr/share/texlive/texmf-dist/tex/latex/tools/enumerate.sty
Package: enumerate 2023/07/04 v3.00 enumerate extensions (DPC)
\@enLab=\toks21
)
(/usr/share/texlive/texmf-dist/tex/latex/tools/longtable.sty
Package: longtable 2023-11-01 v4.19 Multi-page Table package (DPC)
\LTleft=\skip50
\LTright=\skip51
\LTpre=\skip52
\LTpost=\skip53
\LTchunksize=\count198
\LTcapwidth=\dimen149
\LT@head=\box51
\LT@firsthead=\box52
\LT@foot=\box53
\LT@lastfoot=\box54
\LT@gbox=\box55
\LT@cols=\count199
\LT@rows=\count266
\c@LT@tables=\count267
\c@LT@chunks=\count268
\LT@p@ftn=\toks22
)
(/usr/share/texlive/texmf-dist/tex/latex/tools/array.sty
Package: array 2023/10/16 v2.5g Tabular extension package (FMi)
\col@sep=\dimen150
\ar@mcellbox=\box56
\extrarowheight=\dimen151
\NC@list=\toks23
\extratabsurround=\skip54
\backup@length=\skip55
\ar@cellbox=\box57
)
(/usr/share/texlive/texmf-dist/tex/latex/l3backend/l3backend-pdftex.def
File: l3backend-pdftex.def 2024-01-04 L3 backend support: PDF output (pdfTeX)
\l__color_backend_stack_int=\count269
\l__pdf_internal_box=\box58
)
(./studenci.aux)
\openout1 = `studenci.aux'.

LaTeX Font Info:    Checking defaults for OML/cmm/m/it on input line 9.
LaTeX Font Info:    ... okay on input line 9.
LaTeX Font Info:    Checking defaults for OMS/cmsy/m/n on input line 9.
LaTeX Font Info:    ... okay on input line 9.
LaTeX Font Info:    Checking defaults for OT1/cmr/m/n on input line 9.
LaTeX Font Info:    ... okay on input line 9.
LaTeX Font Info:    Checking defaults for T1/cmr/m/n on input line 9.
LaTeX Font Info:    ... okay on input line 9.
LaTeX Font Info:    Checking defaults for TS1/cmr/m/n on input line 9.
LaTeX Font Info:    ... okay on input line 9.
LaTeX Font Info:    Checking defaults for OMX/cmex/m/n on input line 9.
LaTeX Font Info:    ... okay on input line 9.
LaTeX Font Info:    Checking defaults for U/cmr/m/n on input line 9.
LaTeX Font Info:    ... okay on input line 9.
LaTeX Font Info:    Checking defaults for OT4/cmr/m/n on input line 9.
LaTeX Font Info:    ... okay on input line 9.

*geometry* driver: auto-detecting
*geometry* detected driver: pdftex
*geometry* verbose mode - [ preamble ] result:
* driver: pdftex
* paper: a4paper
* layout: <same size as paper>
* layoutoffset:(h,v)=(0.0pt,0.0pt)
* modes: 
* h-part:(L,W,R)=(56.9055pt, 483.69687pt, 56.9055pt)
* v-part:(T,H,B)=(56.9055pt, 731.23584pt, 56.9055pt)
* \paperwidth=597.50787pt
* \paperheight=845.04684pt
* \textwidth=483.69687pt
* \textheight=731.23584pt
* \oddsidemargin=-15.36449pt
* \evensidemargin=-15.36449pt
* \topmargin=-52.36449pt
* \headheight=12.0pt
* \headsep=25.0pt
* \topskip=12.0pt
* \footskip=30.0pt
* \marginparwidth=35.0pt
* \marginparsep=10.0pt
* \columnsep=10.0pt
* \skip\footins=10.8pt plus 4.0pt minus 2.0pt
* \hoffset=0.0pt
* \voffset=0.0pt
* \mag=1000
* \@twocolumnfalse
* \@twosidefalse
* \@mparswitchfalse
* \@reversemarginfalse
* (1in=72.27pt=25.4mm, 1cm=28.453pt)


Overfull \hbox (3.19427pt too wide) in paragraph at lines 18--18
[]|\OT4/cmr/bx/n/12 L.p.| 
 []


Overfull \hbox (25.81123pt too wide) in alignment at lines 17--20
 [] [] [] [] [] [] 
 []


Overfull \hbox (3.19427pt too wide) in paragraph at lines 22--22
[]|\OT4/cmr/bx/n/12 L.p.| 
 []


Overfull \hbox (25.81123pt too wide) in alignment at lines 20--24
 [] [] [] [] [] [] 
 []


Overfull \hbox (25.81123pt too wide) in alignment at lines 24--25
 [] [] [] [] [] [] 
 []


Underfull \hbox (badness 10000) in paragraph at lines 28--28
[]|\OT4/cmr/m/n/12 Automatyki i
 []


Underfull \hbox (badness 10000) in paragraph at lines 34--34
[]|\OT4/cmr/m/n/12 Automatyki i
 []


Underfull \hbox (badness 10000) in paragraph at lines 48--48
[]|\OT4/cmr/m/n/12 Automatyki i
 []


Underfull \hbox (badness 10000) in paragraph at lines 54--54
[]|\OT4/cmr/m/n/12 Automatyki i
 []


Underfull \hbox (badness 10000) in paragraph at lines 63--63
[]|\OT4/cmr/m/n/12 Automatyki i
 []


Underfull \hbox (badness 10000) in paragraph at lines 68--68
[]|\OT4/cmr/m/n/12 Automatyki i
 []


Underfull \hbox (badness 10000) in paragraph at lines 69--69
[]|\OT4/cmr/m/n/12 Automatyki i
 []


Underfull \hbox (badness 10000) in paragraph at lines 91--91
[]|\OT4/cmr/m/n/12 Automatyki i
 []


Underfull \hbox (badness 10000) in paragraph at lines 99--99
[]|\OT4/cmr/m/n/12 Automatyki i
 []


Underfull \hbox (badness 10000) in paragraph at lines 103--103
[]|\OT4/cmr/m/n/12 Automatyki i
 []


Underfull \hbox (badness 10000) in paragraph at lines 104--104
[]|\OT4/cmr/m/n/12 Automatyki i
 []


Underfull \hbox (badness 10000) in paragraph at lines 112--112
[]|\OT4/cmr/m/n/12 Automatyki i
 []


Underfull \hbox (badness 10000) in paragraph at lines 116--116
[]|\OT4/cmr/m/n/12 Automatyki i
 []


Underfull \hbox (badness 10000) in paragraph at lines 120--120
[]|\OT4/cmr/m/n/12 Automatyki i
 []


Overfull \hbox (0.97183pt too wide) in paragraph at lines 125--125
 []|\OT4/cmr/m/n/12 100.| 
 []


Overfull \hbox (0.97183pt too wide) in paragraph at lines 126--126
 []|\OT4/cmr/m/n/12 101.| 
 []


Overfull \hbox (0.97183pt too wide) in paragraph at lines 127--127
 []|\OT4/cmr/m/n/12 102.| 
 []


Overfull \hbox (0.97183pt too wide) in paragraph at lines 128--128
 []|\OT4/cmr/m/n/12 103.| 
 []


Overfull \hbox (0.97183pt too wide) in paragraph at lines 129--129
 []|\OT4/cmr/m/n/12 104.| 
 []


Overfull \hbox (0.97183pt too wide) in paragraph at lines 130--130
 []|\OT4/cmr/m/n/12 105.| 
 []


Underfull \hbox (badness 10000) in paragraph at lines 130--130
[]|\OT4/cmr/m/n/12 Automatyki i
 []


Overfull \hbox (0.97183pt too wide) in paragraph at lines 131--131
 []|\OT4/cmr/m/n/12 106.| 
 []


Overfull \hbox (0.97183pt too wide) in paragraph at lines 132--132
 []|\OT4/cmr/m/n/12 107.| 
 []


Overfull \hbox (0.97183pt too wide) in paragraph at lines 133--133
 []|\OT4/cmr/m/n/12 108.| 
 []


Overfull \hbox (0.97183pt too wide) in paragraph at lines 134--134
 []|\OT4/cmr/m/n/12 109.| 
 []


Overfull \hbox (0.97183pt too wide) in paragraph at lines 135--135
 []|\OT4/cmr/m/n/12 110.| 
 []


Underfull \hbox (badness 10000) in paragraph at lines 135--135
[]|\OT4/cmr/m/n/12 Automatyki i
 []


Overfull \hbox (0.97183pt too wide) in paragraph at lines 136--136
 []|\OT4/cmr/m/n/12 111.| 
 []


Overfull \hbox (0.97183pt too wide) in paragraph at lines 137--137
 []|\OT4/cmr/m/n/12 112.| 
 []


Overfull \hbox (0.97183pt too wide) in paragraph at lines 138--138
 []|\OT4/cmr/m/n/12 113.| 
 []


Underfull \hbox (badness 10000) in paragraph at lines 138--138
[]|\OT4/cmr/m/n/12 Automatyki i
 []


Overfull \hbox (0.97183pt too wide) in paragraph at lines 139--139
 []|\OT4/cmr/m/n/12 114.| 
 []


Overfull \hbox (0.97183pt too wide) in paragraph at lines 140--140
 []|\OT4/cmr/m/n/12 115.| 
 []


Underfull \hbox (badness 10000) in paragraph at lines 140--140
[]|\OT4/cmr/m/n/12 Automatyki i
 []


Overfull \hbox (0.97183pt too wide) in paragraph at lines 141--141
 []|\OT4/cmr/m/n/12 116.| 
 []


Overfull \hbox (0.97183pt too wide) in paragraph at lines 142--142
 []|\OT4/cmr/m/n/12 117.| 
 []


Overfull \hbox (0.97183pt too wide) in paragraph at lines 143--143
 []|\OT4/cmr/m/n/12 118.| 
 []


Overfull \hbox (0.97183pt too wide) in paragraph at lines 144--144
 []|\OT4/cmr/m/n/12 119.| 
 []


Overfull \hbox (0.97183pt too wide) in paragraph at lines 145--145
 []|\OT4/cmr/m/n/12 120.| 
 []


Overfull \hbox (25.81123pt too wide) in alignment at lines 25--146
 [] [] [] [] [] [] 
 []

[1

{/var/lib/texmf/fonts/map/pdftex/updmap/pdftex.map}{/usr/share/texlive/texmf-di
st/fonts/enc/dvips/pl/plrm.enc}] [2] [3] [4] [5] (./studenci.aux)
 ***********
LaTeX2e <2023-11-01> patch level 1
L3 programming layer <2024-01-22>
 ***********
 ) 
Here is how much of TeX's memory you used:
 1476 strings out of 474222
 24031 string characters out of 5748732
 2127975 words of memory out of 5000000
 23771 multiletter control sequences out of 15000+600000
 560365 words of font info for 41 fonts, out of 8000000 for 9000
 1141 hyphenation exceptions out of 8191
 57i,5n,65p,193b,269s stack positions out of 10000i,1000n,20000p,200000b,200000s
</usr/share/texlive/texmf-dist/fonts/type1/public/pl/plbx12.pfb></usr/share/t
exlive/texmf-dist/fonts/type1/public/pl/plr12.pfb>
Output written on studenci.pdf (5 pages, 38310 bytes).
PDF statistics:
 31 PDF objects out of 1000 (max. 8388607)
 19 compressed objects within 1 object stream
 0 named destinations out of 1000 (max. 500000)
 1 words of extra memory for PDF output out of 10000 (max. 10000000)

